[10:5:13] Admin Nikola_Tasic je dao 1000 novca igracu Nikola_Tasic!
[10:41:42] Admin Nikola_Tasic je dao 100 novca igracu Nikola_Tasic!
[10:44:37] Admin Nikola_Tasic je dao 10000 novca igracu Nikola_Tasic!
[10:56:10] Admin Nikola_Tasic se teleportovao na poziciju /gotopos!
[10:58:3] Admin Nikola_Tasic se teleportovao na poziciju /gotopos!
[15:54:8] Admin Nikola_Tasic je postavio glad na 100 igracu Nikola_Tasic!
[15:54:16] Admin Nikola_Tasic je postavio zedj na 100 igracu Nikola_Tasic!
[16:21:37] Admin Nikola_Tasic je postavio zedj na 99 igracu Nikola_Tasic!
[16:21:42] Admin Nikola_Tasic je postavio glad na 99 igracu Nikola_Tasic!
[21:28:36] Admin Nikola_Tasic je postavio posao 1 igracu Nikola_Tasic!
[21:30:41] Admin Nikola_Tasic je postavio vipa igracu 0B400}30 {FFFFFF}dana! na level 5 na 30 dana!
[14:30:58] Admin Nikola_Tasic se teleportovao na poziciju /gotopos!
[14:31:4] Admin Nikola_Tasic se teleportovao na poziciju /gotopos!
[14:31:41] Admin Nikola_Tasic se teleportovao na poziciju /gotopos!
[17:11:3] Nikola_Tasic se teleportovao na lokaciju!
[20:29:25] Admin Nikola_Tasic je postavio glad na 99 igracu Nikola_Tasic!
[20:29:29] Admin Nikola_Tasic je postavio zedj na 99 igracu Nikola_Tasic!
[20:35:42] Admin Nikola_Tasic je postavio posao 0 igracu Nikola_Tasic!
[20:40:53] Nikola_Tasic se teleportovao na lokaciju!
[20:41:0] Admin Nikola_Tasic je postavio posao 0 igracu Nikola_Tasic!
[20:41:17] Admin Nikola_Tasic je dao dozvolu tipa letenje igracu Nikola_Tasic!
[14:6:5] Admin Nikola_Tasic je skinuo lidera organizacije 3!
[14:6:7] Admin Nikola_Tasic je skinuo lidera organizacije 1!
[14:6:10] Admin Nikola_Tasic je postavio Mehanicari i Parking Servis za lidera organizacije Nikola_Tasic!
[14:6:45] Admin Nikola_Tasic je zapoceo izmene organizacije id Mehanicari i Parking Servis!
[14:11:27] Admin Nikola_Tasic je napravio vozilo id {E0B400}126!
[14:12:21] Admin Nikola_Tasic je napravio vozilo id {E0B400}127!
[14:13:2] Admin Nikola_Tasic je napravio vozilo id {E0B400}128!
[14:22:7] Admin Nikola_Tasic je napravio vozilo id {E0B400}129!
[14:23:20] Admin Nikola_Tasic je napravio vozilo id {E0B400}130!
[14:24:10] Admin Nikola_Tasic je napravio vozilo id {E0B400}131!
[14:24:42] Admin Nikola_Tasic je napravio vozilo id {E0B400}132!
[15:46:48] Admin Nikola_Tasic je skinuo lidera organizacije 3!
[15:47:43] Admin Nikola_Tasic je napravio vozilo id {E0B400}133!
[15:47:57] Admin Nikola_Tasic je postavio posao 9 igracu Nikola_Tasic!
[15:48:39] Admin Nikola_Tasic je napravio vozilo id {E0B400}134!
[15:49:5] Admin Nikola_Tasic je napravio vozilo id {E0B400}135!
[15:49:46] Admin Nikola_Tasic je napravio vozilo id {E0B400}136!
[15:50:46] Admin Nikola_Tasic je napravio vozilo id {E0B400}137!
[15:51:14] Admin Nikola_Tasic je napravio vozilo id {E0B400}138!
[15:51:27] Admin Nikola_Tasic je napravio vozilo id {E0B400}139!
[15:54:43] Admin Nikola_Tasic je napravio vozilo id {E0B400}140!
[15:54:53] Nikola_Tasic se teleportovao na lokaciju!
[15:55:10] Admin Nikola_Tasic je postavio posao 8 igracu Nikola_Tasic!
[15:55:21] Admin Nikola_Tasic je obrisao vozilo id {E0B400}140!
[15:55:57] Admin Nikola_Tasic je obrisao vozilo id {E0B400}140!
[15:56:1] Admin Nikola_Tasic je napravio vozilo id {E0B400}140!
[16:8:54] Admin Nikola_Tasic je postavio glad na 99 igracu Nikola_Tasic!
[16:8:58] Admin Nikola_Tasic je postavio zedj na 99 igracu Nikola_Tasic!
[16:9:23] Admin Nikola_Tasic je napravio vozilo id {E0B400}141!
[16:9:58] Admin Nikola_Tasic je napravio vozilo id {E0B400}142!
[16:10:37] Admin Nikola_Tasic je napravio vozilo id {E0B400}143!
[16:11:12] Admin Nikola_Tasic je napravio vozilo id {E0B400}144!
[16:11:48] Admin Nikola_Tasic je napravio vozilo id {E0B400}145!
[16:13:46] Admin Nikola_Tasic je napravio vozilo id {E0B400}146!
[16:14:5] Admin Nikola_Tasic je postavio posao 7 igracu Nikola_Tasic!
[16:14:36] Admin Nikola_Tasic je napravio vozilo id {E0B400}147!
[16:15:1] Admin Nikola_Tasic je napravio vozilo id {E0B400}148!
[16:15:32] Admin Nikola_Tasic je napravio vozilo id {E0B400}149!
[16:16:3] Admin Nikola_Tasic je napravio vozilo id {E0B400}150!
[16:16:20] Admin Nikola_Tasic je napravio vozilo id {E0B400}151!
[16:16:44] Admin Nikola_Tasic je napravio vozilo id {E0B400}152!
[0:6:5] Admin Nikola_Tasic je obrisao vozilo id {E0B400}124!
[0:6:10] Admin Nikola_Tasic je obrisao vozilo id {E0B400}125!
[20:20:37] Admin Nikola_Tasic je zapoceo izmene organizacije id Novinarska Redakcija!
[20:27:26] Admin Nikola_Tasic je postavio Novinarska Redakcija za lidera organizacije Nikola_Tasic!
[20:27:40] Admin Nikola_Tasic je skinuo lidera organizacije 4!
[20:29:21] Admin Nikola_Tasic je napravio vozilo id {E0B400}124!
[20:29:33] Admin Nikola_Tasic je obrisao vozilo id {E0B400}124!
[20:29:38] Admin Nikola_Tasic je napravio vozilo id {E0B400}124!
[20:29:48] Admin Nikola_Tasic je obrisao vozilo id {E0B400}124!
[20:30:19] Admin Nikola_Tasic je napravio vozilo id {E0B400}124!
[20:30:34] Admin Nikola_Tasic je obrisao vozilo id {E0B400}124!
[20:30:41] Admin Nikola_Tasic je napravio vozilo id {E0B400}124!
[20:33:4] Admin Nikola_Tasic je obrisao vozilo id {E0B400}124!
[20:33:9] Admin Nikola_Tasic je napravio vozilo id {E0B400}124!
[20:33:39] Admin Nikola_Tasic je napravio vozilo id {E0B400}125!
[20:34:6] Admin Nikola_Tasic je napravio vozilo id {E0B400}153!
[1:31:33] Admin Nikola_Tasic je postavio glad na 99 igracu Nikola_Tasic!
[1:31:36] Admin Nikola_Tasic je postavio zedj na 99 igracu Nikola_Tasic!
[1:46:24] Admin Nikola_Tasic je napravio vozilo id {E0B400}154!
[1:46:36] Admin Nikola_Tasic je postavio posao 10 igracu Nikola_Tasic!
[1:46:59] Admin Nikola_Tasic je obrisao vozilo id {E0B400}154!
[1:47:5] Admin Nikola_Tasic je napravio vozilo id {E0B400}154!
[1:47:30] Admin Nikola_Tasic je obrisao vozilo id {E0B400}154!
[1:51:10] Admin Nikola_Tasic je napravio vozilo id {E0B400}154!
[1:51:16] Admin Nikola_Tasic je postavio posao 10 igracu Nikola_Tasic!
[1:51:46] Admin Nikola_Tasic je napravio vozilo id {E0B400}155!
[1:52:13] Admin Nikola_Tasic je napravio vozilo id {E0B400}156!
[1:52:40] Admin Nikola_Tasic je napravio vozilo id {E0B400}157!
[1:53:6] Admin Nikola_Tasic je napravio vozilo id {E0B400}158!
[2:0:3] Admin Nikola_Tasic je napravio vozilo id {E0B400}159!
[20:52:39] Admin Nikola_Tasic je postavio posao 1 igracu Nikola_Tasic!
[1:43:6] Admin Nikola_Tasic je postavio posao 0 igracu Nikola_Tasic!
[1:58:36] Admin Nikola_Tasic je napravio vozilo id {E0B400}160!
[2:47:41] Admin Nikola_Tasic je obrisao popravio id {E0B400}1!
[21:18:32] Admin Nikola_Tasic je postavio zedj na 99 igracu Nikola_Tasic!
[21:18:36] Admin Nikola_Tasic je postavio glad na 99 igracu Nikola_Tasic!
[21:42:51] Admin Nikola_Tasic je postavio posao 7 igracu Nikola_Tasic!
[22:28:13] Admin Nikola_Tasic je postavio posao 8 igracu Nikola_Tasic!
[22:29:3] Admin Nikola_Tasic je postavio zedj na 99 igracu Nikola_Tasic!
[22:39:6] Admin Nikola_Tasic je postavio posao 7 igracu Nikola_Tasic!
[12:45:20] Admin Nikola_Tasic se teleportovao na poziciju /gotopos!
[12:47:33] Admin Nikola_Tasic se teleportovao na poziciju /gotopos!
[12:48:31] Admin Nikola_Tasic je postavio zedj na 99 igracu Nikola_Tasic!
[12:48:55] Admin Nikola_Tasic se teleportovao na poziciju /gotopos!
[12:49:58] Admin Nikola_Tasic se teleportovao na poziciju /gotopos!
[12:50:57] Admin Nikola_Tasic se teleportovao na poziciju /gotopos!
[12:51:33] Admin Nikola_Tasic se teleportovao na poziciju /gotopos!
[12:52:7] Admin Nikola_Tasic se teleportovao na poziciju /gotopos!
[12:52:50] Admin Nikola_Tasic se teleportovao na poziciju /gotopos!
[12:56:0] Admin Nikola_Tasic se teleportovao na poziciju /gotopos!
[12:57:39] Admin Nikola_Tasic se teleportovao na poziciju /gotopos!
[12:58:31] Admin Nikola_Tasic se teleportovao na poziciju /gotopos!
[12:58:58] Admin Nikola_Tasic se teleportovao na poziciju /gotopos!
[12:59:43] Admin Nikola_Tasic se teleportovao na poziciju /gotopos!
[13:1:14] Admin Nikola_Tasic se teleportovao na poziciju /gotopos!
[13:1:50] Admin Nikola_Tasic se teleportovao na poziciju /gotopos!
[13:2:34] Admin Nikola_Tasic se teleportovao na poziciju /gotopos!
[13:3:13] Admin Nikola_Tasic se teleportovao na poziciju /gotopos!
[13:3:45] Admin Nikola_Tasic se teleportovao na poziciju /gotopos!
[13:4:23] Admin Nikola_Tasic se teleportovao na poziciju /gotopos!
[13:33:55] Admin Nikola_Tasic je postavio posao 2 igracu Nikola_Tasic!
[13:38:32] Admin Nikola_Tasic je postavio zedj na 99 igracu Nikola_Tasic!
[13:55:0] Admin Nikola_Tasic je postavio posao 7 igracu Nikola_Tasic!
[18:4:7] Admin Nikola_Tasic je postavio posao 10 igracu Nikola_Tasic!
[11:0:5] Nikola_Tasic se teleportovao na lokaciju!
[11:0:26] Admin Nikola_Tasic je postavio posao 5 igracu Nikola_Tasic!
[11:1:21] Admin Nikola_Tasic je postavio zedj na 99 igracu Nikola_Tasic!
[11:2:22] Nikola_Tasic se teleportovao na lokaciju!
[11:16:20] Nikola_Tasic se teleportovao na lokaciju!
[11:18:31] Nikola_Tasic se teleportovao na lokaciju!
[11:19:52] Nikola_Tasic se teleportovao na lokaciju!
[22:38:20] Nikola_Tasic se teleportovao na lokaciju!
[22:38:40] Nikola_Tasic se teleportovao na lokaciju!
[21:39:8] Nikola_Tasic se teleportovao na lokaciju!
[21:39:53] Admin Nikola_Tasic je postavio zedj na 100 igracu Nikola_Tasic!
[21:39:59] Admin Nikola_Tasic je postavio glad na 100 igracu Nikola_Tasic!
[21:42:46] Nikola_Tasic se teleportovao na lokaciju!
[21:45:10] Admin Nikola_Tasic je postavio posao 0 igracu Nikola_Tasic!
[21:47:3] Admin Nikola_Tasic je postavio posao 0 igracu Nikola_Tasic!
[21:47:41] Admin Nikola_Tasic je dao 1000000 novca igracu Nikola_Tasic!
[21:55:0] Nikola_Tasic se teleportovao na lokaciju!
[21:56:44] Admin Nikola_Tasic je postavio posao 0 igracu Nikola_Tasic!
[21:57:47] Admin Nikola_Tasic se teleportovao na checkpoint!
[21:58:42] Admin Nikola_Tasic se teleportovao na checkpoint!
[21:59:37] Admin Nikola_Tasic se teleportovao na checkpoint!
[13:39:2] Nikola_Tasic se teleportovao na lokaciju!
[13:46:40] Admin Nikola_Tasic je obrisao popravio id {E0B400}161!
[13:49:21] Admin Nikola_Tasic je obrisao popravio id {E0B400}161!
[13:50:18] Admin Nikola_Tasic je obrisao popravio id {E0B400}161!
[13:52:46] Nikola_Tasic se teleportovao na lokaciju!
[13:54:27] Admin Nikola_Tasic je postavio glad na 5 igracu Nikola_Tasic!
[13:54:34] Admin Nikola_Tasic je postavio zedj na 99 igracu Nikola_Tasic!
[13:57:22] Admin Nikola_Tasic je obrisao popravio id {E0B400}161!
[13:57:37] Nikola_Tasic se teleportovao na lokaciju!
[14:13:49] Nikola_Tasic se teleportovao na lokaciju!
[14:13:51] Nikola_Tasic se teleportovao na lokaciju!
[15:15:26] Nikola_Tasic se teleportovao na lokaciju!
[14:33:27] Nikola_Tasic se teleportovao na lokaciju!
[14:34:32] Admin Nikola_Tasic se teleportovao na checkpoint!
[14:41:24] Admin Nikola_Tasic je postavio posao 0 igracu Nikola_Tasic!
[14:44:53] Admin Nikola_Tasic je postavio posao 0 igracu Nikola_Tasic!
[16:18:12] Nikola_Tasic se teleportovao na lokaciju!
[20:4:37] Nikola_Tasic se teleportovao na lokaciju!
[20:5:9] Admin Nikola_Tasic je skinuo admina sa slota 1!
[20:5:38] Admin Nikola_Tasic je postavio admina igracu Nikola_Tasic! Level: 1337!
[20:6:17] Admin Nikola_Tasic je postavio posao 0 igracu Nikola_Tasic!
[20:6:41] Admin Anja_Tasic je postavio admina igracu Anja_Tasic! Level: 10!
[20:7:15] Admin Anja_Tasic je postavio posao 0 igracu Anja_Tasic!
[20:7:23] Admin Anja_Tasic je dao dozvolu tipa A igracu Anja_Tasic!
[20:8:28] Admin Anja_Tasic je dao dozvolu tipa letenje igracu Anja_Tasic!
[20:15:33] Admin Anja_Tasic speca igraca Nikola_Tasic!
[20:15:39] Admin Anja_Tasic je prestao da speca igraca Nikola_Tasic!
[20:15:44] Admin Anja_Tasic speca igraca Nikola_Tasic!
[20:15:46] Admin Anja_Tasic je prestao da speca igraca Nikola_Tasic!
[21:33:29] Admin Nikola_Tasic se teleportovao na checkpoint!
[21:34:2] Nikola_Tasic je napravio port Spawn!
[21:34:37] Admin Nikola_Tasic se teleportovao na checkpoint!
[21:34:49] Nikola_Tasic je napravio port Opstina!
[21:35:9] Nikola_Tasic je napravio port Banka!
[21:35:33] Nikola_Tasic je napravio port Posta!
[21:39:44] Nikola_Tasic se teleportovao na lokaciju!
[21:40:47] Nikola_Tasic je napravio port Salon Vozila!
[21:40:59] Nikola_Tasic se teleportovao na lokaciju!
[21:42:9] Nikola_Tasic je napravio port Postar!
[21:42:46] Nikola_Tasic je napravio port Bus Vozac!
[21:43:26] Nikola_Tasic je napravio port Masinovodja!
[21:44:57] Nikola_Tasic je napravio port Kamiondzija!
[21:46:53] Nikola_Tasic je napravio port Zaprasivac Komaraca!
[21:48:49] Nikola_Tasic je napravio port Pilot!
[21:49:10] Nikola_Tasic se teleportovao na lokaciju!
[21:49:25] Nikola_Tasic je napravio port Pizza Dostavljac!
[21:49:50] Nikola_Tasic je napravio port Dostavljac Delova!
[21:50:14] Nikola_Tasic je napravio port Cistac Ulica!
[21:50:53] Nikola_Tasic je napravio port Prevoznik Novca!
[21:51:18] Nikola_Tasic je napravio port Market 24/7!
[22:8:58] Nikola_Tasic je napravio port Benzinska Pumpa!
[22:39:25] Nikola_Tasic se teleportovao na lokaciju!
[22:52:14] Nikola_Tasic se teleportovao na lokaciju!
[22:52:49] Nikola_Tasic je napravio port Sheriff Department!
[22:53:17] Nikola_Tasic je napravio port Hitna Pomoc!
[22:53:34] Nikola_Tasic je napravio port Bolnica!
[22:54:11] Nikola_Tasic je napravio port Parking Servis!
[22:54:21] Nikola_Tasic je napravio port Novinari!
[22:54:27] Nikola_Tasic se teleportovao na lokaciju!
[22:54:32] Nikola_Tasic se teleportovao na lokaciju!
[23:8:35] Nikola_Tasic se teleportovao do Anja_Tasic!
[23:8:42] Nikola_Tasic se teleportovao do Anja_Tasic!
[23:8:52] Anja_Tasic se teleportovao do Nikola_Tasic!
[15:0:55] Nikola_Tasic se teleportovao na lokaciju!
[21:21:7] Nikola_Tasic se teleportovao na lokaciju!
[22:33:58] Admin Nikola_Tasic je ocistio chat!
[22:53:37] Admin TazGee je ocistio chat!
[13:41:4] TazGee se teleportovao na lokaciju!
[14:46:24] Igrac TazGee je postavio pitanje id 1!
[14:50:30] Igrac TazGee je postavio pitanje id 1!
[14:55:18] Igrac TazGee je postavio pitanje id 1!
[15:20:2] TazGee je odgovorio na pitanje 1!
[15:20:13] Igrac TazGee je postavio pitanje id 1!
[15:20:26] TazGee je odgovorio na pitanje 1!
[15:21:17] Igrac TazGee je postavio pitanje id 1!
[15:21:23] TazGee je odgovorio na pitanje 1!
[15:26:10] Igrac TazGee je postavio pitanje id 1!
[15:26:16] TazGee je odgovorio na pitanje 1!
[15:30:31] Igrac TazGee je postavio pitanje id 1!
[15:30:45] TazGee je odgovorio na pitanje 1!
[15:32:39] Igrac TazGee je postavio pitanje id 1!
[15:32:48] TazGee je odgovorio na pitanje 1!
[18:34:41] [REPORT]: Igrac TazGee je prijavio igraca TazGee (id:0), razlog: tazgee!
[18:37:32] [REPORT]: Igrac TazGee je prijavio igraca TazGee (id:0), razlog: 342432!
[18:37:50] [REPORT]: Igrac TazGee je prijavio igraca TazGee (id:0), razlog: sisanje kurca!
[18:37:58] [REPORT]: Igrac TazGee je prijavio igraca TazGee (id:0), razlog: sisafdgdfgd!
[18:39:22] [REPORT]: Igrac TazGee je prijavio igraca TazGee (id:0), razlog: aidnfiosdgnoifdiog!
[18:44:50] [REPORT]: Igrac TazGee je prijavio igraca TazGee (id:0), razlog: picko!
[18:44:57] [REPORT]: Igrac TazGee je prijavio igraca TazGee (id:0), razlog: picko!
[18:44:59] [REPORT]: Igrac TazGee je prijavio igraca TazGee (id:0), razlog: picko!
[18:45:0] [REPORT]: Igrac TazGee je prijavio igraca TazGee (id:0), razlog: picko!
[18:45:0] [REPORT]: Igrac TazGee je prijavio igraca TazGee (id:0), razlog: picko!
[18:45:0] [REPORT]: Igrac TazGee je prijavio igraca TazGee (id:0), razlog: picko!
[18:45:1] [REPORT]: Igrac TazGee je prijavio igraca TazGee (id:0), razlog: picko!
[18:48:47] [REPORT]: Igrac TazGee je prijavio igraca TazGee (id:0), razlog: asdasd!
[18:49:7] Igrac TazGee je postavio pitanje id 1!
[18:49:18] TazGee je odgovorio na pitanje 1!
[18:50:10] Igrac TazGee je postavio pitanje id 1!
[18:50:14] TazGee je odgovorio na pitanje 1!
[18:54:54] Igrac TazGee je postavio pitanje id 1!
[18:55:3] TazGee je odgovorio na pitanje 1!
[18:55:14] [REPORT]: Igrac TazGee je prijavio igraca TazGee (id:0), razlog: afdosfodso oms gmosomgom !
[18:55:45] [REPORT]: Igrac TazGee je prijavio igraca TazGee (id:0), razlog: afdosfodso oms gmo!
[18:55:58] Igrac TazGee je postavio pitanje id 1!
[18:56:5] TazGee je odgovorio na pitanje 1!
[18:59:4] Igrac TazGee je postavio pitanje id 1!
[18:59:14] TazGee je odgovorio na pitanje 1!
[18:59:29] [REPORT]: Igrac TazGee je prijavio igraca TazGee (id:0), razlog: sendvicar!
[19:1:52] [REPORT]: Igrac TazGee je prijavio igraca TazGee (id:0), razlog: retard!
[19:1:59] TazGee se teleportovao na lokaciju!
[19:3:26] Admin TazGee je postavio glad na 100 igracu TazGee!
[19:3:30] Admin TazGee je postavio zedj na 100 igracu TazGee!
[19:5:33] Admin TazGee je postavio posao 0 igracu TazGee!
[19:7:32] Admin TazGee je obrisao popravio id {A13C0A}46!
[23:25:57] Igrac TazGee je postavio pitanje id 1!
[23:26:14] TazGee je odgovorio na pitanje 1!
[23:33:40] Igrac TazGee je postavio pitanje id 1!
[23:33:55] TazGee je odgovorio na pitanje 1!
[23:34:18] [REPORT]: Igrac TazGee je prijavio igraca TazGee (id:0), razlog: aifnisdfins!
[23:35:30] [REPORT]: Igrac TazGee je prijavio igraca TazGee (id:0), razlog: aiofdsidf!
[23:35:48] Igrac TazGee je postavio pitanje id 1!
[23:35:53] TazGee se teleportovao na lokaciju!
[23:37:22] [REPORT]: Igrac TazGee je prijavio igraca TazGee (id:0), razlog: aksmofoafo!
[23:37:34] TazGee se teleportovao na lokaciju!
[23:38:43] [REPORT]: Igrac TazGee je prijavio igraca TazGee (id:0), razlog: derpe!
[23:39:12] TazGee se teleportovao na lokaciju!
[8:42:6] Admin TazGee je novcano kaznio igraca TazGee  sa $10000, razlog: {FFFFFF}Admin{940007} TazGee {FFFFFF}je novcano kaznio igraca 
[8:44:8] Admin TazGee je novcano kaznio igraca TazGee  sa $10000, razlog: pedercina raspala!
[8:45:52] Admin TazGee je novcano kaznio igraca TazGee  sa $100, razlog: derpe jedan maleni!
[8:46:13] Admin TazGee je novcano kaznio igraca TazGee  sa $100, razlog: derpe !
[8:47:55] Admin TazGee je novcano kaznio igraca TazGee  sa $100, razlog: derpe mali!
[8:48:12] Admin TazGee je novcano kaznio igraca TazGee  sa $100, razlog: derpe!
[8:49:34] Admin TazGee je novcano kaznio igraca TazGee  sa $100, razlog: derpe!
[8:49:38] Admin TazGee je novcano kaznio igraca TazGee  sa $100, razlog: derpeasdasdasd!
[8:51:20] Admin TazGee je novcano kaznio igraca TazGee  sa $100, razlog: asd afa fd!
[18:29:25] TazGee se teleportovao na lokaciju!
[4:3:55] TazGee se teleportovao na lokaciju!
[4:4:7] TazGee se teleportovao na lokaciju!
[4:4:42] {940007}[REPORT]: {FFFFFF}Igrac {940007}TazGee (id:0) {FFFFFF}je otisao u bolnicu!
[4:4:51] {940007}[REPORT]: {FFFFFF}Igrac {940007}TazGee (id:0) {FFFFFF}je otisao u bolnicu!
[4:4:56] {940007}[REPORT]: {FFFFFF}Igrac {940007}TazGee (id:0) {FFFFFF}je otisao u bolnicu!
[4:15:49] TazGee se teleportovao na lokaciju!
[4:16:3] TazGee se teleportovao na lokaciju!
[4:37:7] TazGee se teleportovao na lokaciju!
[4:39:27] TazGee se teleportovao na lokaciju!
[4:39:38] TazGee se teleportovao na lokaciju!
[14:38:57] TazGee se teleportovao na lokaciju!
[14:43:17] Admin TazGee je postavio posao 0 igracu TazGee!
[14:45:18] Admin TazGee se teleportovao na checkpoint!
[14:45:43] TazGee se teleportovao na lokaciju!
[21:7:25] TazGee se teleportovao na lokaciju!
[21:17:54] TazGee se teleportovao na lokaciju!
[21:19:5] TazGee se teleportovao na lokaciju!
[18:39:47] TazGee se teleportovao na lokaciju!
[18:49:27] TazGee se teleportovao na lokaciju!
[19:3:7] TazGee se teleportovao na lokaciju!
[19:3:44] TazGee je napravio port Restoran!
[19:35:46] TazGee se teleportovao na lokaciju!
[19:35:58] Admin TazGee je startovao event Los Santos Trka!
[19:36:12] Admin TazGee je zaustavio event!
[19:36:52] Admin TazGee je napravio vozilo id {A13C0A}163!
[19:40:2] Admin TazGee je napravio vozilo id {A13C0A}164!
[19:59:25] TazGee se teleportovao na lokaciju!
[20:1:58] Admin TazGee je postavio posao 0 igracu TazGee!
[20:10:31] Admin TazGee je startovao event Los Santos Trka!
[20:10:45] Admin TazGee je zaustavio event!
[20:21:49] Admin TazGee je startovao event Los Santos Trka!
[20:21:55] Admin TazGee je zaustavio event!
[20:25:44] TazGee se teleportovao na lokaciju!
[20:28:14] Admin TazGee je obrisao vozilo id {A13C0A}164!
[20:30:7] TazGee se teleportovao na lokaciju!
[22:35:59] Admin TazGee se teleportovao na poziciju /gotopos!
[22:36:48] Admin TazGee se teleportovao na poziciju /gotopos!
[22:38:41] Admin TazGee se teleportovao na poziciju /gotopos!
[1:11:35] TazGee se teleportovao na lokaciju!
[1:12:1] TazGee je teleportovao Anja_Tasic do sebe!
[1:12:9] TazGee je teleportovao Anja_Tasic do sebe!
[16:40:14] TazGee se teleportovao na lokaciju!
[16:43:15] TazGee se teleportovao na lokaciju!
[16:47:42] TazGee se teleportovao na lokaciju!
[16:51:2] TazGee se teleportovao na lokaciju!
[16:55:48] TazGee se teleportovao na lokaciju!
[17:0:30] TazGee se teleportovao na lokaciju!
[17:8:59] TazGee se teleportovao na lokaciju!
[17:10:30] TazGee se teleportovao na lokaciju!
[17:12:25] TazGee se teleportovao na lokaciju!
[17:31:20] Admin TazGee se teleportovao na poziciju /gotopos!
[17:31:54] TazGee je napravio port Admin Baza!
[17:32:0] TazGee se teleportovao na lokaciju!
[17:32:47] Admin TazGee se teleportovao na poziciju /gotopos!
[17:33:9] TazGee je napravio port Vip Baza!
[17:33:26] Admin TazGee se teleportovao na poziciju /gotopos!
[17:33:43] TazGee je napravio port Promoter Baza!
[17:33:49] TazGee se teleportovao na lokaciju!
[17:33:57] TazGee se teleportovao na lokaciju!
[17:48:3] TazGee se teleportovao na lokaciju!
[18:7:56] TazGee se teleportovao na lokaciju!
[18:13:9] TazGee se teleportovao na lokaciju!
[18:16:27] TazGee se teleportovao na lokaciju!
[18:45:16] TazGee se teleportovao na lokaciju!
[18:49:54] TazGee se teleportovao na lokaciju!
[19:19:5] TazGee se teleportovao na lokaciju!
[19:39:40] TazGee se teleportovao na lokaciju!
[19:41:51] TazGee se teleportovao na lokaciju!
[19:43:46] TazGee se teleportovao na lokaciju!
[20:8:14] TazGee se teleportovao na lokaciju!
[20:28:16] TazGee se teleportovao na lokaciju!
[20:37:12] TazGee se teleportovao na lokaciju!
[20:39:55] TazGee se teleportovao na lokaciju!
[21:15:10] Admin TazGee je startovao event Los Santos Trka!
[21:16:12] TazGee se teleportovao na lokaciju!
[21:16:41] Admin TazGee je zaustavio event!
[21:22:1] Admin TazGee je obrisao popravio id {A13C0A}164!
[21:23:17] Admin TazGee je napravio vozilo id {A13C0A}164!
[21:23:39] Admin TazGee je napravio vozilo id {A13C0A}166!
[21:23:57] Admin TazGee je napravio vozilo id {A13C0A}167!
[21:24:10] Admin TazGee je napravio vozilo id {A13C0A}168!
[21:24:22] Admin TazGee je napravio vozilo id {A13C0A}169!
[21:24:30] Admin TazGee je napravio vozilo id {A13C0A}170!
[21:25:29] TazGee se teleportovao na lokaciju!
[21:25:33] Admin TazGee je startovao event Los Santos Trka!
[21:25:51] Admin TazGee je zaustavio event!
[21:28:36] Admin TazGee je startovao event Los Santos Trka!
[21:28:44] Admin TazGee je zaustavio event!
[21:29:6] TazGee se teleportovao na lokaciju!
[21:32:19] Admin TazGee je postavio custom broj 420 igracu Anja_Tasic!
[11:50:17] TazGee se teleportovao na lokaciju!
[11:52:39] Admin TazGee je obrisao vozilo id {A13C0A}163!
[11:53:21] TazGee se teleportovao na lokaciju!
[11:54:3] Admin TazGee je napravio gate 2!
[11:54:53] TazGee se teleportovao na lokaciju!
[11:55:0] Admin TazGee je napravio gate 3!
[11:55:37] TazGee se teleportovao na lokaciju!
[11:55:41] Admin TazGee je napravio gate 4!
[11:56:25] TazGee se teleportovao na lokaciju!
[12:0:36] Admin TazGee je postavio posao 0 igracu TazGee!
[12:28:3] TazGee se teleportovao na lokaciju!
[12:32:12] TazGee se teleportovao na lokaciju!
[12:32:16] TazGee se teleportovao na lokaciju!
[12:32:20] TazGee se teleportovao na lokaciju!
[12:33:46] Admin TazGee je postavio glad na 99 igracu TazGee!
[12:33:49] Admin TazGee je postavio zedj na 99 igracu TazGee!
[12:40:59] Admin TazGee je obrisao vozilo id {A13C0A}159!
[12:41:31] TazGee je napravio port Spawn!
[12:53:14] Admin TazGee je napravio vozilo id {A13C0A}159!
[12:53:54] Admin TazGee je postavio posao 11 igracu TazGee!
[12:53:59] TazGee se teleportovao na lokaciju!
[12:55:22] Admin TazGee je napravio vozilo id {A13C0A}163!
[12:55:47] Admin TazGee je napravio vozilo id {A13C0A}171!
[12:56:19] Admin TazGee je napravio vozilo id {A13C0A}172!
[12:56:55] Admin TazGee je napravio vozilo id {A13C0A}173!
[12:58:5] Admin TazGee je napravio vozilo id {A13C0A}174!
[12:58:46] Admin TazGee je napravio vozilo id {A13C0A}175!
[12:58:54] Admin TazGee je napravio vozilo id {A13C0A}176!
[12:59:7] Admin TazGee je napravio vozilo id {A13C0A}177!
[12:59:16] Admin TazGee je napravio vozilo id {A13C0A}178!
[13:4:40] TazGee se teleportovao na lokaciju!
[13:10:35] TazGee se teleportovao na lokaciju!
[13:20:50] TazGee se teleportovao na lokaciju!
[13:28:37] TazGee se teleportovao na lokaciju!
[13:45:41] Admin TazGee je obrisao popravio id {A13C0A}179!
[14:3:27] TazGee se teleportovao na lokaciju!
[14:5:50] TazGee se teleportovao na lokaciju!
[14:30:17] Admin TazGee je postavio posao 0 igracu TazGee!
[14:31:16] Admin TazGee je napravio vozilo id {A13C0A}180!
[14:31:41] Admin TazGee je napravio vozilo id {A13C0A}181!
[14:32:3] Admin TazGee je napravio vozilo id {A13C0A}182!
[14:32:34] Admin TazGee je napravio vozilo id {A13C0A}183!
[14:33:0] Admin TazGee je napravio vozilo id {A13C0A}184!
[14:33:36] Admin TazGee je napravio vozilo id {A13C0A}185!
[14:33:59] Admin TazGee je napravio vozilo id {A13C0A}186!
[14:34:57] Admin TazGee se teleportovao na checkpoint!
[14:37:8] Admin TazGee se teleportovao na checkpoint!
[14:37:20] Admin TazGee se teleportovao na checkpoint!
[14:41:26] Admin TazGee se teleportovao na checkpoint!
[14:41:35] Admin TazGee se teleportovao na checkpoint!
[14:48:34] Admin TazGee se teleportovao na checkpoint!
[14:48:46] Admin TazGee se teleportovao na checkpoint!
[14:49:29] Admin TazGee se teleportovao na checkpoint!
[14:49:36] Admin TazGee se teleportovao na checkpoint!
[18:8:27] Admin TazGee je napravio gate 5!
[18:19:48] Admin TazGee je odledio igraca TazGee!
[18:19:50] Admin TazGee je odledio igraca TazGee!
[18:51:49] Admin TazGee je napravio gate 6!
[18:57:33] Admin TazGee je obrisao popravio id {A13C0A}194!
[18:57:39] [REPORT]: Igrac TazGee je prijavio igraca TazGee (id:0), razlog: peder!
[19:23:20] TazGee se teleportovao na lokaciju!
[19:24:13] Admin TazGee je napravio gate 7!
[19:25:17] TazGee se teleportovao na lokaciju!
[19:26:10] Admin TazGee je napravio gate 7!
[19:27:43] Admin TazGee je napravio gate 8!
[19:33:55] TazGee se teleportovao na lokaciju!
[20:21:10] TazGee se teleportovao na lokaciju!
[20:22:31] Admin TazGee je napravio gate 9!
[20:24:1] Admin TazGee je napravio gate 10!
[20:28:38] TazGee se teleportovao na lokaciju!
[20:31:40] TazGee se teleportovao na lokaciju!
[20:33:52] Admin TazGee je obrisao popravio id {A13C0A}197!
[20:42:3] TazGee se teleportovao na lokaciju!
[20:48:57] Admin TazGee se teleportovao na poziciju /gotopos!
[20:49:26] TazGee se teleportovao na lokaciju!
[20:56:32] Admin TazGee se teleportovao na poziciju /gotopos!
[20:59:24] Admin TazGee se teleportovao na poziciju /gotopos!
[20:59:30] TazGee se teleportovao na lokaciju!
[21:0:19] Admin TazGee se teleportovao na poziciju /gotopos!
[21:6:13] Admin TazGee je obrisao popravio id {A13C0A}197!
[21:14:19] TazGee se teleportovao na lokaciju!
[21:15:23] TazGee se teleportovao na lokaciju!
[23:33:3] Admin TazGee se teleportovao na poziciju /gotopos!
[23:33:8] Admin TazGee se teleportovao na poziciju /gotopos!
[23:33:19] TazGee se teleportovao na lokaciju!
[23:38:58] Admin TazGee se teleportovao na poziciju /gotopos!
[23:39:7] TazGee se teleportovao na lokaciju!
[23:46:0] Admin TazGee se teleportovao na poziciju /gotopos!
[0:4:34] Admin TazGee je postavio glad na 99 igracu TazGee!
[0:4:38] Admin TazGee je postavio zedj na 99 igracu TazGee!
[0:55:42] Admin TazGee je obrisao vozilo id {A13C0A}186!
[0:55:43] Admin TazGee je obrisao vozilo id {A13C0A}185!
[2:50:19] TazGee se teleportovao na lokaciju!
[2:52:53] Admin TazGee je obrisao popravio id {A13C0A}179!
[2:53:23] TazGee se teleportovao na lokaciju!
[3:5:49] TazGee se teleportovao na lokaciju!
[3:17:43] TazGee se teleportovao na lokaciju!
[12:49:42] Admin TazGee je obrisao popravio id {A13C0A}185!
[12:50:16] TazGee se teleportovao na lokaciju!
[12:50:47] Admin TazGee je obrisao popravio id {A13C0A}185!
[12:51:46] TazGee se teleportovao na lokaciju!
[12:54:29] TazGee se teleportovao na lokaciju!
[13:2:43] TazGee se teleportovao na lokaciju!
[13:3:58] TazGee se teleportovao na lokaciju!
[14:9:57] Admin TazGee je postavio posao 13 igracu TazGee!
[14:12:21] Admin TazGee je napravio vozilo id {A13C0A}186!
[14:12:46] Admin TazGee je napravio vozilo id {A13C0A}187!
[14:13:5] Admin TazGee je napravio vozilo id {A13C0A}188!
[14:13:26] Admin TazGee je napravio vozilo id {A13C0A}189!
[14:13:48] Admin TazGee je napravio vozilo id {A13C0A}190!
[14:14:12] Admin TazGee je napravio vozilo id {A13C0A}191!
[14:20:36] Admin TazGee je postavio posao 13 igracu TazGee!
[14:25:4] Admin TazGee se teleportovao na checkpoint!
[14:29:24] TazGee se teleportovao na lokaciju!
[14:29:26] TazGee se teleportovao na lokaciju!
[14:37:0] TazGee je napravio port Benzinska Pumpa!
[14:38:48] TazGee se teleportovao na lokaciju!
[14:40:27] TazGee se teleportovao na lokaciju!
[14:42:13] TazGee se teleportovao na lokaciju!
[22:43:11] TazGee se teleportovao na lokaciju!
[22:49:17] TazGee se teleportovao na lokaciju!
[22:59:46] Admin TazGee je obrisao popravio id {A13C0A}192!
[23:0:40] Admin TazGee je obrisao vozilo id {A13C0A}179!
[23:0:43] Admin TazGee je obrisao vozilo id {A13C0A}185!
[23:1:40] Admin TazGee je obrisao popravio id {A13C0A}192!
[23:2:16] Admin TazGee je obrisao popravio id {A13C0A}192!
[23:2:39] Admin TazGee je obrisao popravio id {A13C0A}192!
[23:2:41] Admin TazGee je obrisao popravio id {A13C0A}192!
[23:8:18] TazGee se teleportovao na lokaciju!
[23:9:0] TazGee se teleportovao na lokaciju!
[23:10:46] Admin TazGee je napravio vozilo id {A13C0A}179!
[23:11:10] Admin TazGee je napravio vozilo id {A13C0A}185!
[23:11:37] Admin TazGee je napravio vozilo id {A13C0A}192!
[23:12:4] Admin TazGee je napravio vozilo id {A13C0A}193!
[23:12:51] Admin TazGee je napravio vozilo id {A13C0A}194!
[23:13:20] Admin TazGee je napravio vozilo id {A13C0A}195!
[23:13:45] Admin TazGee je napravio vozilo id {A13C0A}196!
[23:14:9] Admin TazGee je napravio vozilo id {A13C0A}197!
[23:14:27] Admin TazGee je napravio vozilo id {A13C0A}198!
[23:14:37] Admin TazGee je napravio vozilo id {A13C0A}199!
[23:15:3] Admin TazGee je napravio vozilo id {A13C0A}200!
[23:15:16] Admin TazGee je napravio vozilo id {A13C0A}201!
[23:16:11] Admin TazGee je postavio glad na 99 igracu TazGee!
[23:16:15] Admin TazGee je postavio zedj na 99 igracu TazGee!
[23:20:17] Admin TazGee je zapoceo izmene organizacije id Blueberry Sheriff Department!
[23:25:1] TazGee se teleportovao na lokaciju!
[23:26:33] TazGee se teleportovao na lokaciju!
[23:28:48] TazGee se teleportovao na lokaciju!
[0:53:28] Admin TazGee se teleportovao na checkpoint!
[0:53:44] TazGee se teleportovao na lokaciju!
[0:56:2] TazGee se teleportovao na lokaciju!
[0:56:7] TazGee se teleportovao na lokaciju!
[0:57:8] Admin TazGee je postavio skin 100 igracu TazGee!
[0:57:14] Admin TazGee je postavio skin 1 igracu TazGee!
[22:27:3] Admin TazGee je obrisao popravio id {A13C0A}203!
[22:29:41] TazGee se teleportovao na lokaciju!
[22:29:50] Admin TazGee je obrisao popravio id {A13C0A}203!
[22:32:58] TazGee je napravio port Gun Shop!
[22:37:56] TazGee se teleportovao na lokaciju!
[23:15:32] TazGee se teleportovao na lokaciju Gun Shop!
[23:15:50] Admin TazGee je dao dozvolu tipa oruzje igracu TazGee!
[23:22:44] Admin TazGee se teleportovao na checkpoint!
[23:23:13] TazGee se teleportovao na lokaciju Benzinska Pumpa!
[23:23:49] TazGee se teleportovao na lokaciju Spawn!
[23:28:13] Admin TazGee je obrisao vozilo id {A13C0A}202!
[23:33:12] TazGee se teleportovao na lokaciju Gun Shop!
[23:36:3] TazGee se teleportovao na lokaciju Gun Shop!
[23:36:52] TazGee se teleportovao na lokaciju Spawn!
[23:41:18] TazGee se teleportovao na lokaciju Spawn!
[23:48:27] TazGee se teleportovao na lokaciju Admin Baza!
[23:49:44] Admin TazGee je napravio vozilo id {A13C0A}202!
[23:50:6] Admin TazGee je napravio vozilo id {A13C0A}203!
[23:50:25] Admin TazGee je napravio vozilo id {A13C0A}204!
[23:50:38] Admin TazGee je napravio vozilo id {A13C0A}205!
[23:50:51] Admin TazGee je napravio vozilo id {A13C0A}206!
[23:51:2] Admin TazGee je napravio vozilo id {A13C0A}207!
[23:51:28] Admin TazGee je napravio vozilo id {A13C0A}208!
[23:51:55] Admin TazGee je napravio vozilo id {A13C0A}209!
[23:52:11] Admin TazGee je napravio vozilo id {A13C0A}210!
[23:52:28] Admin TazGee je postavio glad na 100 igracu TazGee!
[23:52:32] Admin TazGee je postavio zedj na 100 igracu TazGee!
[23:53:0] Admin TazGee je napravio vozilo id {A13C0A}211!
[23:53:16] Admin TazGee je napravio vozilo id {A13C0A}212!
[23:53:38] Admin TazGee je napravio vozilo id {A13C0A}213!
[23:53:53] Admin TazGee je napravio vozilo id {A13C0A}214!
[23:54:40] Admin TazGee je napravio vozilo id {A13C0A}215!
[23:55:47] Admin TazGee je napravio vozilo id {A13C0A}216!
[23:56:47] TazGee se teleportovao na lokaciju Vip Baza!
[23:57:43] Admin TazGee je napravio vozilo id {A13C0A}217!
[23:58:7] Admin TazGee je napravio vozilo id {A13C0A}218!
[23:58:25] Admin TazGee je napravio vozilo id {A13C0A}219!
[23:58:49] Admin TazGee je napravio vozilo id {A13C0A}220!
[23:59:5] Admin TazGee je napravio vozilo id {A13C0A}221!
[23:59:22] Admin TazGee je napravio vozilo id {A13C0A}222!
[0:0:0] Admin TazGee je napravio vozilo id {A13C0A}223!
[0:0:24] Admin TazGee je napravio vozilo id {A13C0A}224!
[0:0:45] Admin TazGee je napravio vozilo id {A13C0A}225!
[0:1:5] Admin TazGee je napravio vozilo id {A13C0A}226!
[0:1:50] Admin TazGee je napravio vozilo id {A13C0A}227!
[0:2:5] Admin TazGee je napravio vozilo id {A13C0A}228!
[0:2:23] Admin TazGee je napravio vozilo id {A13C0A}229!
[0:2:59] Admin TazGee je napravio vozilo id {A13C0A}230!
[0:3:21] Admin TazGee je napravio vozilo id {A13C0A}231!
[0:3:34] Admin TazGee je napravio vozilo id {A13C0A}232!
[0:4:1] TazGee se teleportovao na lokaciju Promoter Baza!
[0:4:26] Admin TazGee je napravio vozilo id {A13C0A}233!
[0:5:8] Admin TazGee je napravio vozilo id {A13C0A}234!
[0:5:30] Admin TazGee je napravio vozilo id {A13C0A}235!
[0:5:52] Admin TazGee je napravio vozilo id {A13C0A}236!
[0:6:24] Admin TazGee je napravio vozilo id {A13C0A}237!
[0:7:6] Admin TazGee je napravio vozilo id {A13C0A}238!
[0:7:25] Admin TazGee je napravio vozilo id {A13C0A}239!
[0:7:37] Admin TazGee je napravio vozilo id {A13C0A}240!
[0:8:33] Admin TazGee je napravio vozilo id {A13C0A}241!
[0:8:52] Admin TazGee je napravio vozilo id {A13C0A}242!
[0:9:6] Admin TazGee je napravio vozilo id {A13C0A}243!
[0:9:29] Admin TazGee je napravio vozilo id {A13C0A}244!
[0:10:1] Admin TazGee je napravio vozilo id {A13C0A}245!
[0:11:11] Admin TazGee je napravio vozilo id {A13C0A}246!
[0:11:28] Admin TazGee je napravio vozilo id {A13C0A}247!
[0:11:44] Admin TazGee je napravio vozilo id {A13C0A}248!
[0:12:5] Admin TazGee je napravio vozilo id {A13C0A}249!
[0:12:30] Admin TazGee je napravio vozilo id {A13C0A}250!
[0:53:13] Admin TazGee je obrisao popravio id {A13C0A}251!
[0:56:11] TazGee se teleportovao na lokaciju Spawn!
[1:8:36] TazGee se teleportovao na lokaciju Benzinska Pumpa!
[1:47:18] TazGee se teleportovao na lokaciju Spawn!
[1:49:53] TazGee je napravio port Las Barrancas!
[1:51:8] TazGee se teleportovao na lokaciju Las Barrancas!
[1:56:58] TazGee se teleportovao na lokaciju Las Barrancas!
[1:58:54] TazGee se teleportovao na lokaciju Spawn!
[19:23:55] TazGee se teleportovao na lokaciju Gun Shop!
[19:27:39] TazGee se teleportovao na lokaciju Gun Shop!
[19:47:47] TazGee se teleportovao na lokaciju Banka!
[20:33:7] Admin TazGee je napravio gate 11!
[20:34:29] Admin TazGee je napravio gate 12!
[20:39:57] TazGee se teleportovao na lokaciju Spawn!
[20:40:11] Admin TazGee je obrisao vozilo id {A13C0A}251!
[20:40:12] Admin TazGee je obrisao vozilo id {A13C0A}252!
[20:40:13] Admin TazGee je obrisao vozilo id {A13C0A}253!
[20:40:27] TazGee se teleportovao na lokaciju Admin Baza!
[20:40:43] TazGee se teleportovao na lokaciju Vip Baza!
[20:40:47] TazGee se teleportovao na lokaciju Las Barrancas!
[20:40:53] TazGee se teleportovao na lokaciju Promoter Baza!
[20:45:4] TazGee se teleportovao na lokaciju Admin Baza!
[21:15:49] TazGee se teleportovao na lokaciju Spawn!
[21:15:54] TazGee se teleportovao na lokaciju Admin Baza!
[21:29:38] Admin TazGee se teleportovao na poziciju /gotopos!
[21:29:45] Admin TazGee se teleportovao na poziciju /gotopos!
[3:6:50] TazGee je napravio port Auto Skola!
[3:6:57] TazGee se teleportovao na lokaciju Spawn!
[3:7:19] TazGee je napravio port Auto Skola!
[3:8:19] TazGee se teleportovao na lokaciju Auto Skola!
[3:9:47] Admin TazGee je napravio vozilo id {A13C0A}251!
[3:33:22] Admin TazGee je napravio vozilo id {A13C0A}251!
[3:33:55] Admin TazGee je obrisao vozilo id {A13C0A}251!
[3:35:22] Admin TazGee je napravio vozilo id {A13C0A}251!
[3:35:46] Admin TazGee je napravio vozilo id {A13C0A}252!
[3:36:13] Admin TazGee je napravio vozilo id {A13C0A}253!
[3:37:34] Admin TazGee je napravio vozilo id {A13C0A}254!
[3:37:56] Admin TazGee je napravio vozilo id {A13C0A}255!
[3:38:15] Admin TazGee je napravio vozilo id {A13C0A}256!
[3:38:37] Admin TazGee je napravio vozilo id {A13C0A}257!
[3:39:47] Admin TazGee je napravio vozilo id {A13C0A}258!
[3:40:10] Admin TazGee je napravio vozilo id {A13C0A}259!
[3:40:43] Admin TazGee je napravio vozilo id {A13C0A}260!
[3:40:55] Admin TazGee je napravio vozilo id {A13C0A}261!
[14:11:35] Admin TazGee je postavio glad na 100 igracu TazGee!
[14:11:38] Admin TazGee je postavio zedj na 100 igracu TazGee!
[14:12:39] TazGee se teleportovao na lokaciju Spawn!
[14:12:46] TazGee se teleportovao na lokaciju Spawn!
[14:12:48] TazGee se teleportovao na lokaciju Spawn!
[14:12:54] TazGee se teleportovao na lokaciju !
[14:13:0] TazGee se teleportovao na lokaciju Posta!
[14:13:9] TazGee se teleportovao na lokaciju Auto Skola!
[14:13:21] TazGee se teleportovao na lokaciju !
[14:18:31] TazGee se teleportovao na lokaciju Spawn!
[14:19:6] Admin TazGee je obrisao vozilo id {A13C0A}262!
[11:52:58] TazGee se teleportovao na lokaciju Spawn!
[11:54:8] TazGee se teleportovao na lokaciju Spawn!
[12:31:40] TazGee se teleportovao na lokaciju Spawn!
[12:55:19] TazGee se teleportovao na lokaciju Spawn!
[12:58:52] TazGee se teleportovao na lokaciju Spawn!
[13:11:49] TazGee se teleportovao na lokaciju Spawn!
[13:12:34] TazGee je napravio port Zlatara!
[13:16:23] TazGee se teleportovao na lokaciju Spawn!
[13:16:39] TazGee je napravio port Zlatara!
[13:24:30] TazGee se teleportovao na lokaciju Spawn!
[13:28:12] TazGee se teleportovao na lokaciju Spawn!
[21:12:3] TazGee se teleportovao na lokaciju Spawn!
[21:12:6] TazGee se teleportovao na lokaciju Benzinska Pumpa!
[21:14:52] TazGee se teleportovao na marker!
[21:16:13] TazGee se teleportovao na lokaciju Spawn!
[21:16:14] TazGee se teleportovao na lokaciju Spawn!
[21:19:24] TazGee se teleportovao na lokaciju Posta!
[21:20:51] TazGee se teleportovao na lokaciju Spawn!
[0:9:39] TazGee je zatvorio igraca TazGee!
[0:13:0] TazGee je zatvorio igraca TazGee!
[0:15:8] TazGee je zatvorio igraca TazGee!
[10:35:5] TazGee se teleportovao na lokaciju Spawn!
[10:48:6] TazGee se teleportovao na lokaciju Zlatara!
[10:48:14] TazGee se teleportovao na lokaciju Spawn!
[10:50:12] TazGee se teleportovao na lokaciju Spawn!
[10:56:26] TazGee se teleportovao na lokaciju Spawn!
[19:48:23] TazGee je zatvorio igraca TazGee! (/ajail)
[19:48:53] TazGee je zatvorio igraca TazGee! (/ajail)
[0:34:24] Admin TazGee je skinuo admina sa slota 3!
[0:43:46] TazGee se teleportovao na marker!
[16:37:8] Admin TazGee je postavio Fort Carson Sheriff Department za lidera organizacije TazGee!
[16:37:11] TazGee se teleportovao na lokaciju Spawn!
[16:37:18] TazGee se teleportovao na lokaciju Sheriff Department!
[17:47:40] TazGee se teleportovao na lokaciju Spawn!
[17:47:46] TazGee se teleportovao na lokaciju Spawn!
[14:59:43] TazGee se teleportovao na lokaciju Spawn!
[15:7:48] TazGee se teleportovao na lokaciju Spawn!
[15:10:17] Admin TazGee je odledio igraca TazGee!
[15:11:2] Admin TazGee je odledio igraca TazGee!
[15:11:44] TazGee se teleportovao na lokaciju Spawn!
[15:14:48] TazGee se teleportovao na lokaciju Spawn!
[15:14:55] TazGee se teleportovao na lokaciju Sheriff Department!
[15:24:54] TazGee se teleportovao do Anja_Tasic!
[15:25:2] TazGee se teleportovao na lokaciju Sheriff Department!
